{"/Users/eric/Projects/infrastructure/action-plugin-helm-chartmuseum/src/helm.ts": {"path":"/Users/eric/Projects/infrastructure/action-plugin-helm-chartmuseum/src/helm.ts","statementMap":{"0":{"start":{"line":1,"column":0},"end":{"line":1,"column":71}},"1":{"start":{"line":2,"column":0},"end":{"line":2,"column":50}},"2":{"start":{"line":3,"column":0},"end":{"line":3,"column":25}},"3":{"start":{"line":5,"column":0},"end":{"line":5,"column":null}},"4":{"start":{"line":6,"column":2},"end":{"line":6,"column":null}},"5":{"start":{"line":7,"column":2},"end":{"line":7,"column":null}},"6":{"start":{"line":26,"column":21},"end":{"line":26,"column":36}},"7":{"start":{"line":29,"column":4},"end":{"line":32,"column":null}},"8":{"start":{"line":36,"column":4},"end":{"line":36,"column":49}},"9":{"start":{"line":37,"column":4},"end":{"line":37,"column":47}},"10":{"start":{"line":39,"column":4},"end":{"line":44,"column":null}},"11":{"start":{"line":40,"column":6},"end":{"line":40,"column":56}},"12":{"start":{"line":41,"column":6},"end":{"line":41,"column":56}},"13":{"start":{"line":43,"column":6},"end":{"line":43,"column":59}},"14":{"start":{"line":48,"column":28},"end":{"line":54,"column":37}},"15":{"start":{"line":53,"column":21},"end":{"line":53,"column":63}},"16":{"start":{"line":54,"column":18},"end":{"line":54,"column":36}},"17":{"start":{"line":56,"column":4},"end":{"line":64,"column":null}},"18":{"start":{"line":57,"column":6},"end":{"line":57,"column":50}},"19":{"start":{"line":58,"column":6},"end":{"line":63,"column":9}},"20":{"start":{"line":68,"column":14},"end":{"line":72,"column":null}},"21":{"start":{"line":74,"column":22},"end":{"line":74,"column":70}},"22":{"start":{"line":76,"column":4},"end":{"line":76,"column":57}},"23":{"start":{"line":77,"column":4},"end":{"line":77,"column":47}},"24":{"start":{"line":78,"column":4},"end":{"line":80,"column":7}},"25":{"start":{"line":83,"column":4},"end":{"line":95,"column":null}},"26":{"start":{"line":84,"column":24},"end":{"line":84,"column":48}},"27":{"start":{"line":85,"column":6},"end":{"line":94,"column":null}},"28":{"start":{"line":86,"column":8},"end":{"line":93,"column":null}},"29":{"start":{"line":87,"column":10},"end":{"line":92,"column":13}},"30":{"start":{"line":88,"column":12},"end":{"line":91,"column":14}},"31":{"start":{"line":97,"column":4},"end":{"line":102,"column":null}},"32":{"start":{"line":98,"column":6},"end":{"line":98,"column":53}},"33":{"start":{"line":99,"column":6},"end":{"line":99,"column":78}},"34":{"start":{"line":101,"column":6},"end":{"line":101,"column":64}},"35":{"start":{"line":104,"column":4},"end":{"line":111,"column":null}},"36":{"start":{"line":105,"column":6},"end":{"line":110,"column":8}},"37":{"start":{"line":113,"column":4},"end":{"line":118,"column":null}},"38":{"start":{"line":114,"column":6},"end":{"line":117,"column":9}},"39":{"start":{"line":125,"column":4},"end":{"line":125,"column":60}},"40":{"start":{"line":127,"column":21},"end":{"line":127,"column":65}},"41":{"start":{"line":129,"column":4},"end":{"line":129,"column":43}},"42":{"start":{"line":133,"column":20},"end":{"line":133,"column":64}},"43":{"start":{"line":134,"column":4},"end":{"line":137,"column":45}},"44":{"start":{"line":135,"column":21},"end":{"line":135,"column":31}},"45":{"start":{"line":136,"column":18},"end":{"line":136,"column":24}},"46":{"start":{"line":137,"column":21},"end":{"line":137,"column":43}},"47":{"start":{"line":146,"column":4},"end":{"line":146,"column":74}},"48":{"start":{"line":149,"column":4},"end":{"line":152,"column":7}},"49":{"start":{"line":155,"column":4},"end":{"line":155,"column":58}},"50":{"start":{"line":158,"column":4},"end":{"line":164,"column":null}},"51":{"start":{"line":159,"column":6},"end":{"line":163,"column":null}},"52":{"start":{"line":160,"column":8},"end":{"line":162,"column":11}},"53":{"start":{"line":161,"column":10},"end":{"line":161,"column":78}},"54":{"start":{"line":167,"column":4},"end":{"line":172,"column":7}},"55":{"start":{"line":176,"column":4},"end":{"line":185,"column":null}},"56":{"start":{"line":177,"column":6},"end":{"line":184,"column":26}},"57":{"start":{"line":183,"column":21},"end":{"line":183,"column":36}},"58":{"start":{"line":184,"column":18},"end":{"line":184,"column":24}},"59":{"start":{"line":187,"column":4},"end":{"line":187,"column":16}},"60":{"start":{"line":22,"column":0},"end":{"line":22,"column":13}}},"fnMap":{"0":{"name":"(anonymous_7)","decl":{"start":{"line":5,"column":0},"end":{"line":5,"column":5}},"loc":{"start":{"line":5,"column":10},"end":{"line":8,"column":1}}},"1":{"name":"(anonymous_8)","decl":{"start":{"line":25,"column":2},"end":{"line":25,"column":null}},"loc":{"start":{"line":27,"column":33},"end":{"line":33,"column":3}}},"2":{"name":"(anonymous_9)","decl":{"start":{"line":35,"column":8},"end":{"line":35,"column":28}},"loc":{"start":{"line":35,"column":28},"end":{"line":45,"column":null}}},"3":{"name":"(anonymous_11)","decl":{"start":{"line":47,"column":8},"end":{"line":47,"column":21}},"loc":{"start":{"line":47,"column":73},"end":{"line":65,"column":null}}},"4":{"name":"(anonymous_13)","decl":{"start":{"line":53,"column":14},"end":{"line":53,"column":15}},"loc":{"start":{"line":53,"column":21},"end":{"line":53,"column":63}}},"5":{"name":"(anonymous_14)","decl":{"start":{"line":54,"column":11},"end":{"line":54,"column":12}},"loc":{"start":{"line":54,"column":18},"end":{"line":54,"column":36}}},"6":{"name":"(anonymous_15)","decl":{"start":{"line":67,"column":8},"end":{"line":67,"column":18}},"loc":{"start":{"line":67,"column":103},"end":{"line":119,"column":null}}},"7":{"name":"(anonymous_17)","decl":{"start":{"line":87,"column":58},"end":{"line":87,"column":59}},"loc":{"start":{"line":87,"column":70},"end":{"line":92,"column":11}}},"8":{"name":"(anonymous_18)","decl":{"start":{"line":121,"column":8},"end":{"line":121,"column":21}},"loc":{"start":{"line":123,"column":43},"end":{"line":130,"column":null}}},"9":{"name":"(anonymous_20)","decl":{"start":{"line":132,"column":8},"end":{"line":132,"column":30}},"loc":{"start":{"line":132,"column":48},"end":{"line":138,"column":null}}},"10":{"name":"(anonymous_22)","decl":{"start":{"line":135,"column":14},"end":{"line":135,"column":15}},"loc":{"start":{"line":135,"column":21},"end":{"line":135,"column":31}}},"11":{"name":"(anonymous_23)","decl":{"start":{"line":136,"column":11},"end":{"line":136,"column":12}},"loc":{"start":{"line":136,"column":18},"end":{"line":136,"column":24}}},"12":{"name":"(anonymous_24)","decl":{"start":{"line":137,"column":14},"end":{"line":137,"column":15}},"loc":{"start":{"line":137,"column":21},"end":{"line":137,"column":43}}},"13":{"name":"(anonymous_25)","decl":{"start":{"line":140,"column":8},"end":{"line":140,"column":17}},"loc":{"start":{"line":144,"column":21},"end":{"line":173,"column":null}}},"14":{"name":"(anonymous_27)","decl":{"start":{"line":160,"column":54},"end":{"line":160,"column":55}},"loc":{"start":{"line":160,"column":67},"end":{"line":162,"column":9}}},"15":{"name":"(anonymous_28)","decl":{"start":{"line":175,"column":8},"end":{"line":175,"column":20}},"loc":{"start":{"line":175,"column":52},"end":{"line":188,"column":null}}},"16":{"name":"(anonymous_30)","decl":{"start":{"line":183,"column":14},"end":{"line":183,"column":15}},"loc":{"start":{"line":183,"column":21},"end":{"line":183,"column":36}}},"17":{"name":"(anonymous_31)","decl":{"start":{"line":184,"column":11},"end":{"line":184,"column":12}},"loc":{"start":{"line":184,"column":18},"end":{"line":184,"column":24}}}},"branchMap":{"0":{"loc":{"start":{"line":5,"column":5},"end":{"line":5,"column":null}},"type":"binary-expr","locations":[{"start":{"line":5,"column":5},"end":{"line":5,"column":10}},{"start":{"line":5,"column":5},"end":{"line":5,"column":null}}]},"1":{"loc":{"start":{"line":30,"column":19},"end":{"line":30,"column":81}},"type":"cond-expr","locations":[{"start":{"line":30,"column":55},"end":{"line":30,"column":74}},{"start":{"line":30,"column":77},"end":{"line":30,"column":81}}]},"2":{"loc":{"start":{"line":31,"column":20},"end":{"line":31,"column":93}},"type":"cond-expr","locations":[{"start":{"line":31,"column":57},"end":{"line":31,"column":77}},{"start":{"line":31,"column":80},"end":{"line":31,"column":93}}]},"3":{"loc":{"start":{"line":39,"column":4},"end":{"line":44,"column":null}},"type":"if","locations":[{"start":{"line":39,"column":4},"end":{"line":44,"column":null}},{"start":{"line":42,"column":11},"end":{"line":44,"column":null}}]},"4":{"loc":{"start":{"line":47,"column":56},"end":{"line":47,"column":73}},"type":"default-arg","locations":[{"start":{"line":47,"column":68},"end":{"line":47,"column":73}}]},"5":{"loc":{"start":{"line":53,"column":21},"end":{"line":53,"column":63}},"type":"binary-expr","locations":[{"start":{"line":53,"column":21},"end":{"line":53,"column":31}},{"start":{"line":53,"column":35},"end":{"line":53,"column":63}}]},"6":{"loc":{"start":{"line":60,"column":12},"end":{"line":60,"column":35}},"type":"cond-expr","locations":[{"start":{"line":60,"column":24},"end":{"line":60,"column":30}},{"start":{"line":60,"column":33},"end":{"line":60,"column":35}}]},"7":{"loc":{"start":{"line":67,"column":71},"end":{"line":67,"column":103}},"type":"default-arg","locations":[{"start":{"line":67,"column":101},"end":{"line":67,"column":103}}]},"8":{"loc":{"start":{"line":85,"column":6},"end":{"line":94,"column":null}},"type":"if","locations":[{"start":{"line":85,"column":6},"end":{"line":94,"column":null}}]},"9":{"loc":{"start":{"line":85,"column":10},"end":{"line":85,"column":63}},"type":"binary-expr","locations":[{"start":{"line":85,"column":10},"end":{"line":85,"column":34}},{"start":{"line":85,"column":38},"end":{"line":85,"column":63}}]},"10":{"loc":{"start":{"line":97,"column":4},"end":{"line":102,"column":null}},"type":"if","locations":[{"start":{"line":97,"column":4},"end":{"line":102,"column":null}},{"start":{"line":100,"column":11},"end":{"line":102,"column":null}}]},"11":{"loc":{"start":{"line":158,"column":4},"end":{"line":164,"column":null}},"type":"if","locations":[{"start":{"line":158,"column":4},"end":{"line":164,"column":null}}]},"12":{"loc":{"start":{"line":158,"column":8},"end":{"line":158,"column":57}},"type":"binary-expr","locations":[{"start":{"line":158,"column":8},"end":{"line":158,"column":38}},{"start":{"line":158,"column":42},"end":{"line":158,"column":57}}]},"13":{"loc":{"start":{"line":175,"column":35},"end":{"line":175,"column":52}},"type":"default-arg","locations":[{"start":{"line":175,"column":47},"end":{"line":175,"column":52}}]},"14":{"loc":{"start":{"line":176,"column":4},"end":{"line":185,"column":null}},"type":"if","locations":[{"start":{"line":176,"column":4},"end":{"line":185,"column":null}}]}},"s":{"0":1,"1":1,"2":1,"3":1,"4":1,"5":1,"6":1,"7":1,"8":0,"9":0,"10":0,"11":0,"12":0,"13":0,"14":0,"15":0,"16":0,"17":0,"18":0,"19":0,"20":1,"21":1,"22":1,"23":1,"24":1,"25":1,"26":2,"27":2,"28":2,"29":2,"30":0,"31":1,"32":1,"33":1,"34":0,"35":1,"36":2,"37":1,"38":2,"39":0,"40":0,"41":0,"42":0,"43":0,"44":0,"45":0,"46":0,"47":0,"48":0,"49":0,"50":0,"51":0,"52":0,"53":0,"54":0,"55":0,"56":0,"57":0,"58":0,"59":0,"60":1},"f":{"0":1,"1":1,"2":0,"3":0,"4":0,"5":0,"6":1,"7":0,"8":0,"9":0,"10":0,"11":0,"12":0,"13":0,"14":0,"15":0,"16":0,"17":0},"b":{"0":[1,1],"1":[0,1],"2":[0,1],"3":[0,0],"4":[0],"5":[0,0],"6":[0,0],"7":[1],"8":[2],"9":[2,2],"10":[1,0],"11":[0],"12":[0,0],"13":[0],"14":[0]}}
}
