TN:
SF:src/helm.ts
FN:5,(anonymous_7)
FN:25,(anonymous_8)
FN:35,(anonymous_9)
FN:47,(anonymous_11)
FN:53,(anonymous_13)
FN:54,(anonymous_14)
FN:67,(anonymous_15)
FN:87,(anonymous_17)
FN:121,(anonymous_18)
FN:132,(anonymous_20)
FN:135,(anonymous_22)
FN:136,(anonymous_23)
FN:137,(anonymous_24)
FN:140,(anonymous_25)
FN:160,(anonymous_27)
FN:175,(anonymous_28)
FN:183,(anonymous_30)
FN:184,(anonymous_31)
FNF:18
FNH:3
FNDA:1,(anonymous_7)
FNDA:1,(anonymous_8)
FNDA:0,(anonymous_9)
FNDA:0,(anonymous_11)
FNDA:0,(anonymous_13)
FNDA:0,(anonymous_14)
FNDA:1,(anonymous_15)
FNDA:0,(anonymous_17)
FNDA:0,(anonymous_18)
FNDA:0,(anonymous_20)
FNDA:0,(anonymous_22)
FNDA:0,(anonymous_23)
FNDA:0,(anonymous_24)
FNDA:0,(anonymous_25)
FNDA:0,(anonymous_27)
FNDA:0,(anonymous_28)
FNDA:0,(anonymous_30)
FNDA:0,(anonymous_31)
DA:1,1
DA:2,1
DA:3,1
DA:5,1
DA:6,1
DA:7,1
DA:22,1
DA:26,1
DA:29,1
DA:36,0
DA:37,0
DA:39,0
DA:40,0
DA:41,0
DA:43,0
DA:48,0
DA:53,0
DA:54,0
DA:56,0
DA:57,0
DA:58,0
DA:68,1
DA:74,1
DA:76,1
DA:77,1
DA:78,1
DA:83,1
DA:84,2
DA:85,2
DA:86,2
DA:87,2
DA:88,0
DA:97,1
DA:98,1
DA:99,1
DA:101,0
DA:104,1
DA:105,2
DA:113,1
DA:114,2
DA:125,0
DA:127,0
DA:129,0
DA:133,0
DA:134,0
DA:135,0
DA:136,0
DA:137,0
DA:146,0
DA:149,0
DA:155,0
DA:158,0
DA:159,0
DA:160,0
DA:161,0
DA:167,0
DA:176,0
DA:177,0
DA:183,0
DA:184,0
DA:187,0
LF:61
LH:26
BRDA:5,0,0,1
BRDA:5,0,1,1
BRDA:30,1,0,0
BRDA:30,1,1,1
BRDA:31,2,0,0
BRDA:31,2,1,1
BRDA:39,3,0,0
BRDA:39,3,1,0
BRDA:47,4,0,0
BRDA:53,5,0,0
BRDA:53,5,1,0
BRDA:60,6,0,0
BRDA:60,6,1,0
BRDA:67,7,0,1
BRDA:85,8,0,2
BRDA:85,9,0,2
BRDA:85,9,1,2
BRDA:97,10,0,1
BRDA:97,10,1,0
BRDA:158,11,0,0
BRDA:158,12,0,0
BRDA:158,12,1,0
BRDA:175,13,0,0
BRDA:176,14,0,0
BRF:24
BRH:9
end_of_record
